CMD-LOG-LINE-BEGIN 30169 | 2025-11-13 12:46:05,102 | INFO | az_command_data_logger | command args: login --use-device-code
CMD-LOG-LINE-BEGIN 30169 | 2025-11-13 12:46:05,382 | ERROR | az_command_data_logger | The command failed with an unexpected error. Here is the traceback:
CMD-LOG-LINE-BEGIN 30169 | 2025-11-13 12:46:05,387 | ERROR | az_command_data_logger | HTTPSConnectionPool(host='login.microsoftonline.com', port=443): Max retries exceeded with url: /organizations/v2.0/.well-known/openid-configuration (Caused by NameResolutionError("<urllib3.connection.HTTPSConnection object at 0x70d6ac4fd950>: Failed to resolve 'login.microsoftonline.com' ([Errno -2] Name or service not known)"))
Traceback (most recent call last):
  File "/opt/az/lib/python3.13/site-packages/urllib3/connection.py", line 198, in _new_conn
    sock = connection.create_connection(
        (self._dns_host, self.port),
    ...<2 lines>...
        socket_options=self.socket_options,
    )
  File "/opt/az/lib/python3.13/site-packages/urllib3/util/connection.py", line 60, in create_connection
    for res in socket.getaddrinfo(host, port, family, socket.SOCK_STREAM):
               ~~~~~~~~~~~~~~~~~~^^^^^^^^^^^^^^^^^^^^^^^^^^^^^^^^^^^^^^^^
  File "/opt/az/lib/python3.13/socket.py", line 977, in getaddrinfo
    for res in _socket.getaddrinfo(host, port, family, type, proto, flags):
               ~~~~~~~~~~~~~~~~~~~^^^^^^^^^^^^^^^^^^^^^^^^^^^^^^^^^^^^^^^^
socket.gaierror: [Errno -2] Name or service not known

The above exception was the direct cause of the following exception:

Traceback (most recent call last):
  File "/opt/az/lib/python3.13/site-packages/urllib3/connectionpool.py", line 787, in urlopen
    response = self._make_request(
        conn,
    ...<10 lines>...
        **response_kw,
    )
  File "/opt/az/lib/python3.13/site-packages/urllib3/connectionpool.py", line 488, in _make_request
    raise new_e
  File "/opt/az/lib/python3.13/site-packages/urllib3/connectionpool.py", line 464, in _make_request
    self._validate_conn(conn)
    ~~~~~~~~~~~~~~~~~~~^^^^^^
  File "/opt/az/lib/python3.13/site-packages/urllib3/connectionpool.py", line 1093, in _validate_conn
    conn.connect()
    ~~~~~~~~~~~~^^
  File "/opt/az/lib/python3.13/site-packages/urllib3/connection.py", line 753, in connect
    self.sock = sock = self._new_conn()
                       ~~~~~~~~~~~~~~^^
  File "/opt/az/lib/python3.13/site-packages/urllib3/connection.py", line 205, in _new_conn
    raise NameResolutionError(self.host, self, e) from e
urllib3.exceptions.NameResolutionError: <urllib3.connection.HTTPSConnection object at 0x70d6ac4fd950>: Failed to resolve 'login.microsoftonline.com' ([Errno -2] Name or service not known)

The above exception was the direct cause of the following exception:

Traceback (most recent call last):
  File "/opt/az/lib/python3.13/site-packages/requests/adapters.py", line 667, in send
    resp = conn.urlopen(
        method=request.method,
    ...<9 lines>...
        chunked=chunked,
    )
  File "/opt/az/lib/python3.13/site-packages/urllib3/connectionpool.py", line 871, in urlopen
    return self.urlopen(
           ~~~~~~~~~~~~^
        method,
        ^^^^^^^
    ...<13 lines>...
        **response_kw,
        ^^^^^^^^^^^^^^
    )
    ^
  File "/opt/az/lib/python3.13/site-packages/urllib3/connectionpool.py", line 841, in urlopen
    retries = retries.increment(
        method, url, error=new_e, _pool=self, _stacktrace=sys.exc_info()[2]
    )
  File "/opt/az/lib/python3.13/site-packages/urllib3/util/retry.py", line 519, in increment
    raise MaxRetryError(_pool, url, reason) from reason  # type: ignore[arg-type]
    ^^^^^^^^^^^^^^^^^^^^^^^^^^^^^^^^^^^^^^^^^^^^^^^^^^^
urllib3.exceptions.MaxRetryError: HTTPSConnectionPool(host='login.microsoftonline.com', port=443): Max retries exceeded with url: /organizations/v2.0/.well-known/openid-configuration (Caused by NameResolutionError("<urllib3.connection.HTTPSConnection object at 0x70d6ac4fd950>: Failed to resolve 'login.microsoftonline.com' ([Errno -2] Name or service not known)"))

During handling of the above exception, another exception occurred:

Traceback (most recent call last):
  File "/opt/az/lib/python3.13/site-packages/knack/cli.py", line 233, in invoke
    cmd_result = self.invocation.execute(args)
  File "/opt/az/lib/python3.13/site-packages/azure/cli/core/commands/__init__.py", line 666, in execute
    raise ex
  File "/opt/az/lib/python3.13/site-packages/azure/cli/core/commands/__init__.py", line 734, in _run_jobs_serially
    results.append(self._run_job(expanded_arg, cmd_copy))
                   ~~~~~~~~~~~~~^^^^^^^^^^^^^^^^^^^^^^^^
  File "/opt/az/lib/python3.13/site-packages/azure/cli/core/commands/__init__.py", line 703, in _run_job
    result = cmd_copy(params)
  File "/opt/az/lib/python3.13/site-packages/azure/cli/core/commands/__init__.py", line 336, in __call__
    return self.handler(*args, **kwargs)
           ~~~~~~~~~~~~^^^^^^^^^^^^^^^^^
  File "/opt/az/lib/python3.13/site-packages/azure/cli/core/commands/command_operation.py", line 120, in handler
    return op(**command_args)
  File "/opt/az/lib/python3.13/site-packages/azure/cli/command_modules/profile/custom.py", line 192, in login
    subscriptions = profile.login(
        interactive,
    ...<9 lines>...
        claims_challenge=claims_challenge
    )
  File "/opt/az/lib/python3.13/site-packages/azure/cli/core/_profile.py", line 175, in login
    user_identity = identity.login_with_device_code(scopes=scopes, claims_challenge=claims_challenge)
  File "/opt/az/lib/python3.13/site-packages/azure/cli/core/auth/identity.py", line 175, in login_with_device_code
    flow = self._msal_app.initiate_device_flow(scopes, claims_challenge=claims_challenge)
           ^^^^^^^^^^^^^^
  File "/opt/az/lib/python3.13/site-packages/azure/cli/core/auth/identity.py", line 125, in _msal_app
    self._msal_app_instance = PublicClientApplication(self.client_id, **self._msal_public_app_kwargs)
                              ~~~~~~~~~~~~~~~~~~~~~~~^^^^^^^^^^^^^^^^^^^^^^^^^^^^^^^^^^^^^^^^^^^^^^^^
  File "/opt/az/lib/python3.13/site-packages/msal/application.py", line 2046, in __init__
    super(PublicClientApplication, self).__init__(
    ~~~~~~~~~~~~~~~~~~~~~~~~~~~~~~~~~~~~~~~~~~~~~^
        client_id, client_credential=None, **kwargs)
        ^^^^^^^^^^^^^^^^^^^^^^^^^^^^^^^^^^^^^^^^^^^^
  File "/opt/az/lib/python3.13/site-packages/msal/application.py", line 645, in __init__
    self.authority = Authority(
                     ~~~~~~~~~^
        authority_to_use,
        ^^^^^^^^^^^^^^^^^
    ...<3 lines>...
        oidc_authority_url=oidc_authority,
        ^^^^^^^^^^^^^^^^^^^^^^^^^^^^^^^^^^
        )
        ^
  File "/opt/az/lib/python3.13/site-packages/msal/authority.py", line 79, in __init__
    openid_config = tenant_discovery(
        tenant_discovery_endpoint,
        self._http_client)
  File "/opt/az/lib/python3.13/site-packages/msal/authority.py", line 210, in tenant_discovery
    resp = http_client.get(tenant_discovery_endpoint, **kwargs)
  File "/opt/az/lib/python3.13/site-packages/msal/individual_cache.py", line 273, in wrapper
    value = function(*args, **kwargs)
  File "/opt/az/lib/python3.13/site-packages/msal/throttled_http_client.py", line 99, in get
    return NormalizedResponse(self.http_client.get(*args, **kwargs))
                              ~~~~~~~~~~~~~~~~~~~~^^^^^^^^^^^^^^^^^
  File "/opt/az/lib/python3.13/site-packages/requests/sessions.py", line 602, in get
    return self.request("GET", url, **kwargs)
           ~~~~~~~~~~~~^^^^^^^^^^^^^^^^^^^^^^
  File "/opt/az/lib/python3.13/site-packages/requests/sessions.py", line 589, in request
    resp = self.send(prep, **send_kwargs)
  File "/opt/az/lib/python3.13/site-packages/requests/sessions.py", line 703, in send
    r = adapter.send(request, **kwargs)
  File "/opt/az/lib/python3.13/site-packages/requests/adapters.py", line 700, in send
    raise ConnectionError(e, request=request)
requests.exceptions.ConnectionError: HTTPSConnectionPool(host='login.microsoftonline.com', port=443): Max retries exceeded with url: /organizations/v2.0/.well-known/openid-configuration (Caused by NameResolutionError("<urllib3.connection.HTTPSConnection object at 0x70d6ac4fd950>: Failed to resolve 'login.microsoftonline.com' ([Errno -2] Name or service not known)"))
CMD-LOG-LINE-BEGIN 30169 | 2025-11-13 12:46:05,394 | INFO | az_command_data_logger | exit code: 1
